track_changed | 3cKLo1SKFNKWZvESQVBUTe | Yikes! | duendita, | direct line to My Creator
playing | 3cKLo1SKFNKWZvESQVBUTe | 83065
track_changed | 70bj2bY9zKQVG7rcJDCaUs | 1 STEP | Zeu, | WATERGATE: SCANDAL
playing | 70bj2bY9zKQVG7rcJDCaUs | 0
track_changed | 3x9BHDNsyg50xSEzmLMyUd | Ouda | Hamid Al Shaeri | Kawahel
playing | 3x9BHDNsyg50xSEzmLMyUd |  |  | 
track_changed | 6YGkIVnZsoXJAL6EhT8YcX | Traffic (with Zeu) | tn_490
Zeu | Traffic (with Zeu)
playing | 6YGkIVnZsoXJAL6EhT8YcX |  |  | 
track_changed | 42KcL90e5JC3ULxCbFRh1o | Outro Cypher | Di-Meh
Hash 24
Nir
Obia le Chef
Imposs
Mr.Bil
M.A.M
Cenza
Faelix
okis
M Le Maudit
D6
Jeune LC
KR Malsain
Ouss 47
Chris Des Tenebres
Salam
Beeby | OV3²
playing | 42KcL90e5JC3ULxCbFRh1o |  |  | 
track_changed | 0qXgwDS6MQzM4FHgoS0eLp | GRANDIR ET RAJEUNIR | Luni | AHBON MIXTAPE
playing | 0qXgwDS6MQzM4FHgoS0eLp |  |  | 
track_changed | 1YZmYp9jZ4Veq6lZpiuV69 | Daydreaming | NxWorries
Anderson .Paak
Knxwledge | Why Lawd?
playing | 1YZmYp9jZ4Veq6lZpiuV69 |  |  | 
paused | 1YZmYp9jZ4Veq6lZpiuV69 |  |  | 
playing | 1YZmYp9jZ4Veq6lZpiuV69 |  |  | 
track_changed | 3bWpfAjDh9Rpszf8AkaN0w | Strange Things | Double | VISION
playing | 3bWpfAjDh9Rpszf8AkaN0w |  |  | 
track_changed | 5hnOJqBnVXRlc7JS49IChB | you don't know what to feel anymore | a vow | you don't know what to feel anymore
playing | 5hnOJqBnVXRlc7JS49IChB |  |  | 
track_changed | 5hnOJqBnVXRlc7JS49IChB | you don't know what to feel anymore | a vow | you don't know what to feel anymore
playing | 5hnOJqBnVXRlc7JS49IChB |  |  | 
track_changed | 5KFj6CPcfKGS6MI3gQEzNe | Brown Angel | Tamaraebi | Brown Angel
playing | 5KFj6CPcfKGS6MI3gQEzNe |  |  | 
track_changed | 6ri6ZQWxqIZgYd2RfsnKNa | Crust | Flying Lotus | Yasuke
playing | 6ri6ZQWxqIZgYd2RfsnKNa |  |  | 
track_changed | 6ri6ZQWxqIZgYd2RfsnKNa | Crust | Flying Lotus | Yasuke
playing | 6ri6ZQWxqIZgYd2RfsnKNa |  |  | 
track_changed | 7fOu8YZoZ13Q8H6A2vm8ie | nine thirty (the glow) | dialE | dear dialE
playing | 7fOu8YZoZ13Q8H6A2vm8ie |  |  | 
Debug: Unknown event: preload_next
Debug: Unknown event: preloading
Debug: Unknown event: stopped
Debug: Unknown event: session_disconnected
Debug: Unknown event: session_connected
Debug: Unknown event: session_client_changed
Debug: Unknown event: volume_changed
Debug: Unknown event: auto_play_changed
Debug: Unknown event: filter_explicit_content_changed
Debug: Unknown event: shuffle_changed
Debug: Unknown event: repeat_changed
Debug: Unknown event: play_request_id_changed
Debug: Unknown event: loading
track_changed | 7fOu8YZoZ13Q8H6A2vm8ie | nine thirty (the glow) | dialE | dear dialE
playing | 7fOu8YZoZ13Q8H6A2vm8ie |  |  | 
Debug: Unknown event: play_request_id_changed
Debug: Unknown event: loading
track_changed | 6swAHuowhkqzWudjwBCffI | Lumen | Keroué | CANDELA
playing | 6swAHuowhkqzWudjwBCffI |  |  | 
Debug: Unknown event: preload_next
Debug: Unknown event: preloading
Debug: Unknown event: end_of_track
Debug: Unknown event: play_request_id_changed
track_changed | 3hU7AL6FCDZwnPADD88544 | Prosecco | Th&o. | Ebusuku
playing | 3hU7AL6FCDZwnPADD88544 |  |  | 
track_changed | 3hU7AL6FCDZwnPADD88544 | Prosecco | Th&o. | Ebusuku
playing | 3hU7AL6FCDZwnPADD88544 | Prosecco  |  Th&o.  |  Ebusuku
track_changed | 7bzliGbnbPivKDr4xTCZON | Still Blue | SiR
Jill Scott | Chasing Summer
playing | 7bzliGbnbPivKDr4xTCZON | Still Blue  |  SiR | 
track_changed | 5ZK62nSchTamBy8F6HIZov | Sea Gets Hotter | Durand Jones & The Indications
Durand Jones
Aaron Frazer | American Love Call
playing | 5ZK62nSchTamBy8F6HIZov | Sea Gets Hotter  |  Durand Jones & The Indications | 
track_changed | 5JGOOJgsaPQIy5i2NY5Sdt | waves | Flowervillain | waves
playing | 5JGOOJgsaPQIy5i2NY5Sdt | waves  |  Flowervillain  |  waves
track_changed | 2aIywmHrxkfIBj4nfzisc2 | Baby Boy (feat. 6LACK) | Vanilla is Black
6LACK | U.Aint.Neva.Lied!
playing | 2aIywmHrxkfIBj4nfzisc2 | Baby Boy (feat. 6LACK)  |  Vanilla is Black | 
track_changed | 2Rr4ZOnKXUrzjhMPkmkRjK | Soup for One | CHIC | Dance, Dance, Dance: The Best of Chic
playing | 2Rr4ZOnKXUrzjhMPkmkRjK | Soup for One  |  CHIC  |  Dance, Dance, Dance: The Best of Chic
track_changed | 1v8atvoVOI7OMDpaeJAunC | Children Of The Internet - Preditah Remix | Future Utopia
Preditah
Dave
Es Devlin
Preditah | Children Of The Internet (Remixes)
playing | 1v8atvoVOI7OMDpaeJAunC | Children Of The Internet - Preditah Remix  |  Future Utopia | 
track_changed | 3h1sX3o4ZqOQpVtxL3U1mE | r&r | berlioz | jazz is for ordinary people
playing | 3h1sX3o4ZqOQpVtxL3U1mE | r&r  |  berlioz  |  jazz is for ordinary people
track_changed | 2wgvxtggKVzPkl0smF2UzI | Organise | Asake | Mr. Money With The Vibe
playing | 2wgvxtggKVzPkl0smF2UzI | Organise  |  Asake  |  Mr. Money With The Vibe
track_changed | 3wyfDf57MYVDeGW8qYIWsn | blessing me (with Pa Salieu & Skillibeng) | Mura Masa
Pa Salieu
Skillibeng | blessing me (with Pa Salieu & Skillibeng)
playing | 3wyfDf57MYVDeGW8qYIWsn | blessing me (with Pa Salieu & Skillibeng)  |  Mura Masa | 
track_changed | 3wyfDf57MYVDeGW8qYIWsn | blessing me (with Pa Salieu & Skillibeng) | Mura Masa
Pa Salieu
Skillibeng | blessing me (with Pa Salieu & Skillibeng)
playing | 3wyfDf57MYVDeGW8qYIWsn | blessing me (with Pa Salieu & Skillibeng)  |  Mura Masa | 
track_changed | 5D3oSuqXAcVk8wwZFxsxe5 | La Pluie | Hugo TSR | La Pluie
playing | 5D3oSuqXAcVk8wwZFxsxe5 | La Pluie  |  Hugo TSR  |  La Pluie
track_changed | 04YRSuoGZcAj9kj57c6utu | RUSSIAN ROULETTE(I ADORE U) | millkzy | EVER SINCE SHEFFIELD
playing | 5XmvbJqAnKGicwcmSEyQ3x | RUSSIAN ROULETTE(I ADORE U)  |  millkzy  |  EVER SINCE SHEFFIELD
track_changed | 1ymDS71tBtHjET0FSJZouu | Microphoné Sans Holster | Kohndo | Deux Pieds Sur Terre - Stick To Ground
playing | 1ymDS71tBtHjET0FSJZouu | Microphoné Sans Holster  |  Kohndo  |  Deux Pieds Sur Terre - Stick To Ground
track_changed | 1pP4a0P0k1eCkseMLw5qx4 | Chanel | Zamdane | Chanel
paused | 1pP4a0P0k1eCkseMLw5qx4 | Chanel  |  Zamdane  |  Chanel
playing | 1pP4a0P0k1eCkseMLw5qx4 | Chanel  |  Zamdane  |  Chanel
track_changed | 63n8bGLnPPpqudklMeRRvm | Entre gens seuls | CHATON | LES ÉTOILES OUBLIÉES
playing | 63n8bGLnPPpqudklMeRRvm | Entre gens seuls  |  CHATON  |  LES ÉTOILES OUBLIÉES
track_changed | 2HMbO5Ryot2erG4Ij4LU2D | Gentle Monster | tobi lou
FARADA | Gentle Monster
playing | 2HMbO5Ryot2erG4Ij4LU2D | Gentle Monster  |  tobi lou | 
paused | 2HMbO5Ryot2erG4Ij4LU2D | Gentle Monster  |  tobi lou | 
track_changed | 4ho2vK5nZAorYJiK5vay54 | Paris son âme | Kohndo | Tout est écrit
playing | 4ho2vK5nZAorYJiK5vay54 | Paris son âme  |  Kohndo  |  Tout est écrit
track_changed | 5LUUxJLE3e4clwk3Nrm6Nh | مش حقيقة | nour | مش حقيقة
playing | 5LUUxJLE3e4clwk3Nrm6Nh | مش حقيقة  |  nour  |  مش حقيقة
paused | 5LUUxJLE3e4clwk3Nrm6Nh | مش حقيقة  |  nour  |  مش حقيقة
playing | 5LUUxJLE3e4clwk3Nrm6Nh | مش حقيقة  |  nour  |  مش حقيقة
paused | 5LUUxJLE3e4clwk3Nrm6Nh | مش حقيقة  |  nour  |  مش حقيقة
playing | 5LUUxJLE3e4clwk3Nrm6Nh | مش حقيقة  |  nour  |  مش حقيقة
paused | 5LUUxJLE3e4clwk3Nrm6Nh | مش حقيقة  |  nour  |  مش حقيقة
playing | 5LUUxJLE3e4clwk3Nrm6Nh | مش حقيقة  |  nour  |  مش حقيقة
paused | 5LUUxJLE3e4clwk3Nrm6Nh | مش حقيقة  |  nour  |  مش حقيقة
playing | 5LUUxJLE3e4clwk3Nrm6Nh | مش حقيقة  |  nour  |  مش حقيقة
track_changed | 42IpLrd9nQJCnWTxhZRfPM | Ma Bansak - A COLORS SHOW | zeyne | Ma Bansak - A COLORS SHOW
playing | 42IpLrd9nQJCnWTxhZRfPM | Ma Bansak - A COLORS SHOW  |  zeyne  |  Ma Bansak - A COLORS SHOW
track_changed | 3iSNrrPxlePx5fNjHshZ3R | Kalimba Suite | Bobby McFerrin | Beyond Words
playing | 3iSNrrPxlePx5fNjHshZ3R | Kalimba Suite  |  Bobby McFerrin  |  Beyond Words
track_changed | 4OP26PVfM7uxWN5WxZZKeH | Saa Magni | Oumou Sangaré | Ko Sira
playing | 4OP26PVfM7uxWN5WxZZKeH | Saa Magni  |  Oumou Sangaré  |  Ko Sira
track_changed | 6aGFfe0POYVl1YevIjqn68 | Inconvénients | JeanJass | Doudoune en été – Temps additionnel
playing | 6aGFfe0POYVl1YevIjqn68 | Inconvénients  |  JeanJass  |  Doudoune en été – Temps additionnel
track_changed | 1BSq0hYijZbubyR6waNyQn | La vie | Silent Poets | WORDS AND SILENCE
playing | 1BSq0hYijZbubyR6waNyQn | La vie  |  Silent Poets  |  WORDS AND SILENCE
track_changed | 0btIG9lXbfb1hH3QSor7QY | Santos (feat. Dinos) | Lala &ce
Dinos | Santos (feat. Dinos)
playing | 0btIG9lXbfb1hH3QSor7QY | Santos (feat. Dinos)  |  Lala &ce | 
track_changed | 3bawA9qCTy1kjpcpxMC4Mp | Pas de bisous | DIDI HAN
nelick | Pas de bisous
playing | 3bawA9qCTy1kjpcpxMC4Mp | Pas de bisous  |  DIDI HAN | 
paused | 3bawA9qCTy1kjpcpxMC4Mp | Pas de bisous  |  DIDI HAN | 
playing | 3bawA9qCTy1kjpcpxMC4Mp | Pas de bisous  |  DIDI HAN | 
paused | 3bawA9qCTy1kjpcpxMC4Mp | Pas de bisous  |  DIDI HAN | 
playing | 3bawA9qCTy1kjpcpxMC4Mp | Pas de bisous  |  DIDI HAN | 
paused | 3bawA9qCTy1kjpcpxMC4Mp | Pas de bisous  |  DIDI HAN | 
track_changed | 3bawA9qCTy1kjpcpxMC4Mp | Pas de bisous | DIDI HAN
nelick | Pas de bisous
paused | 3bawA9qCTy1kjpcpxMC4Mp | Pas de bisous  |  DIDI HAN | 
playing | 3bawA9qCTy1kjpcpxMC4Mp | Pas de bisous  |  DIDI HAN | 
track_changed | 5PZN71yON3rzA8OaEidrIo | Heaven | Shygirl | Nymph
playing | 5PZN71yON3rzA8OaEidrIo | Heaven  |  Shygirl  |  Nymph
track_changed | 3FTtAV8d9qHyMjlvAGOPdu | e-motions (with Erika de Casier) | Mura Masa
Erika de Casier | demon time
playing | 3FTtAV8d9qHyMjlvAGOPdu | e-motions (with Erika de Casier)  |  Mura Masa | 
paused | 3FTtAV8d9qHyMjlvAGOPdu | e-motions (with Erika de Casier)  |  Mura Masa | 
track_changed | 3FTtAV8d9qHyMjlvAGOPdu | e-motions (with Erika de Casier) | Mura Masa
Erika de Casier | demon time | https://i.scdn.co/image/ab67616d0000b273a620fd20b220c4bf513b40e5
playing | 3FTtAV8d9qHyMjlvAGOPdu | e-motions (with Erika de Casier)  |  Mura Masa |  | 
track_changed | 41s3kJ6aOLNLDs9MT7tMYO | Friendly | Erika de Casier | Sensational | https://i.scdn.co/image/ab67616d0000b273be01bb14b4a7742e9885eb64
playing | 41s3kJ6aOLNLDs9MT7tMYO | Friendly  |  Erika de Casier  |  Sensational  |  https://i.scdn.co/image/ab67616d0000b273be01bb14b4a7742e9885eb64
track_changed | 3TA2yyeRYe6irpKQSdcDvx | Infrahumans | Clats Pesmygz | Spa | https://i.scdn.co/image/ab67616d0000b27376b7ee7b4f815ca547a460e9
playing | 3TA2yyeRYe6irpKQSdcDvx | Infrahumans  |  Clats Pesmygz  |  Spa  |  https://i.scdn.co/image/ab67616d0000b27376b7ee7b4f815ca547a460e9
track_changed | 6g64NTpXaYMnQh82TrqRAj | Doom | Bright & Findlay | Everything Is Slow | https://i.scdn.co/image/ab67616d0000b273fcf0c050b8915c4874f09cf1
playing | 6g64NTpXaYMnQh82TrqRAj | Doom  |  Bright & Findlay  |  Everything Is Slow  |  https://i.scdn.co/image/ab67616d0000b273fcf0c050b8915c4874f09cf1
track_changed | 25qr68yJWIKJmePAgUrpZi | Jasmine | Sulah Jordan | Lady Bug | https://i.scdn.co/image/ab67616d0000b273b46f590531409976dd2958d5
playing | 25qr68yJWIKJmePAgUrpZi | Jasmine  |  Sulah Jordan  |  Lady Bug  |  https://i.scdn.co/image/ab67616d0000b273b46f590531409976dd2958d5
track_changed | 15sBxSySsqOVSSknoW2lGX | Espiral - 冥丁 Remix | Weste
MEITEI
冥丁 | Espiral (冥丁 Remix) | https://i.scdn.co/image/ab67616d0000b273a6b2cc76ba3be5572c2c6b12
playing | 15sBxSySsqOVSSknoW2lGX | Espiral - 冥丁 Remix  |  Weste |  | 
track_changed | 3FlBgKx8UM6daKtZAs7OfG | At the Door | ILYICH
Takuya Nakamura | At the Door | https://i.scdn.co/image/ab67616d0000b27370f1ab1b9ace12c81bf1f71d
playing | 3FlBgKx8UM6daKtZAs7OfG | At the Door  |  ILYICH |  | 
track_changed | 22CuNnxkbwiTBgStVdsJfg | The Sun | Secret Night Gang | Secret Night Gang | https://i.scdn.co/image/ab67616d0000b273132dc6334f37f5569fdf755f
playing | 22CuNnxkbwiTBgStVdsJfg | The Sun  |  Secret Night Gang  |  Secret Night Gang  |  https://i.scdn.co/image/ab67616d0000b273132dc6334f37f5569fdf755f
track_changed | 0kJ4GK8E5eDy7WYUQ5fUT5 | Chasing the Drum - A COLORS SHOW | Yussef Dayes | Chasing the Drum - A COLORS SHOW | https://i.scdn.co/image/ab67616d0000b273b8aa106aff960d4c2b8c7613
playing | 0kJ4GK8E5eDy7WYUQ5fUT5 | Chasing the Drum - A COLORS SHOW  |  Yussef Dayes  |  Chasing the Drum - A COLORS SHOW  |  https://i.scdn.co/image/ab67616d0000b273b8aa106aff960d4c2b8c7613
track_changed | 7v5qOH0Vv0gmj8mUi9RDz0 | Hold on darling | Macadam Crocodile | Hold on darling | https://i.scdn.co/image/ab67616d0000b273e19cb07ebe8016a5c3d05c2b
playing | 7v5qOH0Vv0gmj8mUi9RDz0 | Hold on darling  |  Macadam Crocodile  |  Hold on darling  |  https://i.scdn.co/image/ab67616d0000b273e19cb07ebe8016a5c3d05c2b
track_changed | 3ftH3se6UoLp7oumuMkhDV | Sitting on a Log | MEZERG | Extended Play | https://i.scdn.co/image/ab67616d0000b2737b1f740b7e2fd83f7fdf2291
playing | 0z3jHtPo8rs1pEj8hMvgpe | Sitting on a Log  |  MEZERG  |  Extended Play  |  https://i.scdn.co/image/ab67616d0000b2737b1f740b7e2fd83f7fdf2291
track_changed | 3swQEHi0B9qsDk7Sd3udgU | FAIS NOUS VOIR | Deen Burbigo
Lesram | OG SAN II | https://i.scdn.co/image/ab67616d0000b273f137fe7ba328ec4a9620923b
playing | 3swQEHi0B9qsDk7Sd3udgU | FAIS NOUS VOIR  |  Deen Burbigo |  | 
track_changed | 6YhnSspINlfnz2blQSSj0v | Maman Le Sait | Green Montana | Bleu Nuit | https://i.scdn.co/image/ab67616d0000b2737a2e99077505563f46a2f20e
playing | 6YhnSspINlfnz2blQSSj0v | Maman Le Sait  |  Green Montana  |  Bleu Nuit  |  https://i.scdn.co/image/ab67616d0000b2737a2e99077505563f46a2f20e
track_changed | 4JLvFWwRfdixTYF3Oqmpd9 | Fake Life | Vegyn | Only Diamonds Cut Diamonds | https://i.scdn.co/image/ab67616d0000b273de301906ddf37189b1998f16
playing | 4JLvFWwRfdixTYF3Oqmpd9 | Fake Life  |  Vegyn  |  Only Diamonds Cut Diamonds  |  https://i.scdn.co/image/ab67616d0000b273de301906ddf37189b1998f16
paused | 4JLvFWwRfdixTYF3Oqmpd9 | Fake Life  |  Vegyn  |  Only Diamonds Cut Diamonds  |  https://i.scdn.co/image/ab67616d0000b273de301906ddf37189b1998f16
playing | 4JLvFWwRfdixTYF3Oqmpd9 | Fake Life  |  Vegyn  |  Only Diamonds Cut Diamonds  |  https://i.scdn.co/image/ab67616d0000b273de301906ddf37189b1998f16
paused | 4JLvFWwRfdixTYF3Oqmpd9 | Fake Life  |  Vegyn  |  Only Diamonds Cut Diamonds  |  https://i.scdn.co/image/ab67616d0000b273de301906ddf37189b1998f16
playing | 4JLvFWwRfdixTYF3Oqmpd9 | Fake Life  |  Vegyn  |  Only Diamonds Cut Diamonds  |  https://i.scdn.co/image/ab67616d0000b273de301906ddf37189b1998f16
paused | 4JLvFWwRfdixTYF3Oqmpd9 | Fake Life  |  Vegyn  |  Only Diamonds Cut Diamonds  |  https://i.scdn.co/image/ab67616d0000b273de301906ddf37189b1998f16
