Ven  3 jan 2025 11:16:14 CET: Script started with event: preload_next
Ven  3 jan 2025 11:16:14 CET: TRACK_ID: 79B0dyhbWGU6hSq4JIeyJd
Ven  3 jan 2025 11:16:14 CET: NAME: 
Ven  3 jan 2025 11:16:14 CET: ARTISTS: 
Ven  3 jan 2025 11:16:14 CET: ALBUM: 
Ven  3 jan 2025 11:16:14 CET: COVERS content: 
Ven  3 jan 2025 11:16:14 CET: Script finished processing event: preload_next
Ven  3 jan 2025 11:16:15 CET: Script started with event: preloading
Ven  3 jan 2025 11:16:15 CET: TRACK_ID: 3wV0qYUvnJWfL9a2CQJqD1
Ven  3 jan 2025 11:16:15 CET: NAME: 
Ven  3 jan 2025 11:16:15 CET: ARTISTS: 
Ven  3 jan 2025 11:16:15 CET: ALBUM: 
Ven  3 jan 2025 11:16:15 CET: COVERS content: 
Ven  3 jan 2025 11:16:15 CET: Script finished processing event: preloading
Ven  3 jan 2025 11:16:44 CET: Script started with event: end_of_track
Ven  3 jan 2025 11:16:44 CET: TRACK_ID: 79B0dyhbWGU6hSq4JIeyJd
Ven  3 jan 2025 11:16:44 CET: NAME: 
Ven  3 jan 2025 11:16:44 CET: ARTISTS: 
Ven  3 jan 2025 11:16:44 CET: ALBUM: 
Ven  3 jan 2025 11:16:44 CET: COVERS content: 
Ven  3 jan 2025 11:16:44 CET: Script finished processing event: end_of_track
Ven  3 jan 2025 11:16:44 CET: Script started with event: play_request_id_changed
Ven  3 jan 2025 11:16:44 CET: TRACK_ID: 
Ven  3 jan 2025 11:16:44 CET: NAME: 
Ven  3 jan 2025 11:16:44 CET: ARTISTS: 
Ven  3 jan 2025 11:16:44 CET: ALBUM: 
Ven  3 jan 2025 11:16:44 CET: COVERS content: 
Ven  3 jan 2025 11:16:44 CET: Script finished processing event: play_request_id_changed
Ven  3 jan 2025 11:16:44 CET: Script started with event: track_changed
Ven  3 jan 2025 11:16:44 CET: TRACK_ID: 3wV0qYUvnJWfL9a2CQJqD1
Ven  3 jan 2025 11:16:44 CET: NAME: Bienvenue dans High & Fines Herbes
Ven  3 jan 2025 11:16:44 CET: ARTISTS: Caballero & JeanJass
ElGrandeToto
Heuss L'enfoiré
Rim'K
Kay The Prodigy
Stony Stone
thaHomey
Ven  3 jan 2025 11:16:44 CET: ALBUM: Bienvenue dans High & Fines Herbes
Ven  3 jan 2025 11:16:44 CET: COVERS content: https://i.scdn.co/image/ab67616d0000b273be122cd1cd5875d91a403a05
https://i.scdn.co/image/ab67616d00001e02be122cd1cd5875d91a403a05
https://i.scdn.co/image/ab67616d00004851be122cd1cd5875d91a403a05
Ven  3 jan 2025 11:16:44 CET: track_changed event - Cover URL: https://i.scdn.co/image/ab67616d0000b273be122cd1cd5875d91a403a05
Ven  3 jan 2025 11:16:44 CET: Script finished processing event: track_changed
Ven  3 jan 2025 11:16:44 CET: Script started with event: playing
Ven  3 jan 2025 11:16:44 CET: TRACK_ID: 3wV0qYUvnJWfL9a2CQJqD1
Ven  3 jan 2025 11:16:44 CET: NAME: 
Ven  3 jan 2025 11:16:44 CET: ARTISTS: 
Ven  3 jan 2025 11:16:44 CET: ALBUM: 
Ven  3 jan 2025 11:16:44 CET: COVERS content: 
Ven  3 jan 2025 11:16:44 CET: playing event - Using saved data with cover: 
Ven  3 jan 2025 11:16:44 CET: Script finished processing event: playing
Ven  3 jan 2025 11:19:43 CET: Script started with event: preload_next
Ven  3 jan 2025 11:19:43 CET: TRACK_ID: 3wV0qYUvnJWfL9a2CQJqD1
Ven  3 jan 2025 11:19:43 CET: NAME: 
Ven  3 jan 2025 11:19:43 CET: ARTISTS: 
Ven  3 jan 2025 11:19:43 CET: ALBUM: 
Ven  3 jan 2025 11:19:43 CET: COVERS content: 
Ven  3 jan 2025 11:19:43 CET: Script finished processing event: preload_next
Ven  3 jan 2025 11:19:44 CET: Script started with event: preloading
Ven  3 jan 2025 11:19:44 CET: TRACK_ID: 6pUWNWPFBzAA9av9j9arbT
Ven  3 jan 2025 11:19:44 CET: NAME: 
Ven  3 jan 2025 11:19:44 CET: ARTISTS: 
Ven  3 jan 2025 11:19:44 CET: ALBUM: 
Ven  3 jan 2025 11:19:44 CET: COVERS content: 
Ven  3 jan 2025 11:19:44 CET: Script finished processing event: preloading
Ven  3 jan 2025 11:19:59 CET: Script started with event: stopped
Ven  3 jan 2025 11:19:59 CET: TRACK_ID: 3wV0qYUvnJWfL9a2CQJqD1
Ven  3 jan 2025 11:19:59 CET: NAME: 
Ven  3 jan 2025 11:19:59 CET: ARTISTS: 
Ven  3 jan 2025 11:19:59 CET: ALBUM: 
Ven  3 jan 2025 11:19:59 CET: COVERS content: 
Ven  3 jan 2025 11:19:59 CET: Script finished processing event: stopped
Ven  3 jan 2025 11:19:59 CET: Script started with event: session_disconnected
Ven  3 jan 2025 11:19:59 CET: TRACK_ID: 
Ven  3 jan 2025 11:19:59 CET: NAME: 
Ven  3 jan 2025 11:19:59 CET: ARTISTS: 
Ven  3 jan 2025 11:19:59 CET: ALBUM: 
Ven  3 jan 2025 11:19:59 CET: COVERS content: 
Ven  3 jan 2025 11:19:59 CET: Script finished processing event: session_disconnected
Ven  3 jan 2025 11:20:32 CET: Script started with event: session_connected
Ven  3 jan 2025 11:20:32 CET: TRACK_ID: 
Ven  3 jan 2025 11:20:32 CET: NAME: 
Ven  3 jan 2025 11:20:32 CET: ARTISTS: 
Ven  3 jan 2025 11:20:32 CET: ALBUM: 
Ven  3 jan 2025 11:20:32 CET: COVERS content: 
Ven  3 jan 2025 11:20:32 CET: Script finished processing event: session_connected
Ven  3 jan 2025 11:20:32 CET: Script started with event: session_client_changed
Ven  3 jan 2025 11:20:32 CET: TRACK_ID: 
Ven  3 jan 2025 11:20:32 CET: NAME: 
Ven  3 jan 2025 11:20:32 CET: ARTISTS: 
Ven  3 jan 2025 11:20:32 CET: ALBUM: 
Ven  3 jan 2025 11:20:32 CET: COVERS content: 
Ven  3 jan 2025 11:20:32 CET: Script finished processing event: session_client_changed
Ven  3 jan 2025 11:20:32 CET: Script started with event: volume_changed
Ven  3 jan 2025 11:20:32 CET: TRACK_ID: 
Ven  3 jan 2025 11:20:32 CET: NAME: 
Ven  3 jan 2025 11:20:32 CET: ARTISTS: 
Ven  3 jan 2025 11:20:32 CET: ALBUM: 
Ven  3 jan 2025 11:20:32 CET: COVERS content: 
Ven  3 jan 2025 11:20:32 CET: Script finished processing event: volume_changed
Ven  3 jan 2025 11:20:32 CET: Script started with event: auto_play_changed
Ven  3 jan 2025 11:20:32 CET: TRACK_ID: 
Ven  3 jan 2025 11:20:32 CET: NAME: 
Ven  3 jan 2025 11:20:32 CET: ARTISTS: 
Ven  3 jan 2025 11:20:32 CET: ALBUM: 
Ven  3 jan 2025 11:20:32 CET: COVERS content: 
Ven  3 jan 2025 11:20:32 CET: Script finished processing event: auto_play_changed
Ven  3 jan 2025 11:20:32 CET: Script started with event: filter_explicit_content_changed
Ven  3 jan 2025 11:20:32 CET: TRACK_ID: 
Ven  3 jan 2025 11:20:32 CET: NAME: 
Ven  3 jan 2025 11:20:32 CET: ARTISTS: 
Ven  3 jan 2025 11:20:32 CET: ALBUM: 
Ven  3 jan 2025 11:20:32 CET: COVERS content: 
Ven  3 jan 2025 11:20:32 CET: Script finished processing event: filter_explicit_content_changed
Ven  3 jan 2025 11:20:32 CET: Script started with event: shuffle_changed
Ven  3 jan 2025 11:20:32 CET: TRACK_ID: 
Ven  3 jan 2025 11:20:32 CET: NAME: 
Ven  3 jan 2025 11:20:32 CET: ARTISTS: 
Ven  3 jan 2025 11:20:32 CET: ALBUM: 
Ven  3 jan 2025 11:20:32 CET: COVERS content: 
Ven  3 jan 2025 11:20:32 CET: Script finished processing event: shuffle_changed
Ven  3 jan 2025 11:20:32 CET: Script started with event: repeat_changed
Ven  3 jan 2025 11:20:32 CET: TRACK_ID: 
Ven  3 jan 2025 11:20:32 CET: NAME: 
Ven  3 jan 2025 11:20:32 CET: ARTISTS: 
Ven  3 jan 2025 11:20:32 CET: ALBUM: 
Ven  3 jan 2025 11:20:32 CET: COVERS content: 
Ven  3 jan 2025 11:20:32 CET: Script finished processing event: repeat_changed
Ven  3 jan 2025 11:20:32 CET: Script started with event: play_request_id_changed
Ven  3 jan 2025 11:20:32 CET: TRACK_ID: 
Ven  3 jan 2025 11:20:32 CET: NAME: 
Ven  3 jan 2025 11:20:32 CET: ARTISTS: 
Ven  3 jan 2025 11:20:32 CET: ALBUM: 
Ven  3 jan 2025 11:20:32 CET: COVERS content: 
Ven  3 jan 2025 11:20:32 CET: Script finished processing event: play_request_id_changed
Ven  3 jan 2025 11:20:32 CET: Script started with event: loading
Ven  3 jan 2025 11:20:32 CET: TRACK_ID: 1xI5NoBWYxEzLMFi7jKvAo
Ven  3 jan 2025 11:20:32 CET: NAME: 
Ven  3 jan 2025 11:20:32 CET: ARTISTS: 
Ven  3 jan 2025 11:20:32 CET: ALBUM: 
Ven  3 jan 2025 11:20:32 CET: COVERS content: 
Ven  3 jan 2025 11:20:32 CET: Script finished processing event: loading
Ven  3 jan 2025 11:20:32 CET: Script started with event: track_changed
Ven  3 jan 2025 11:20:32 CET: TRACK_ID: 1xI5NoBWYxEzLMFi7jKvAo
Ven  3 jan 2025 11:20:32 CET: NAME: We Are All Here for It
Ven  3 jan 2025 11:20:32 CET: ARTISTS: I Am An Instrument
Ven  3 jan 2025 11:20:32 CET: ALBUM: We Are All Here for It
Ven  3 jan 2025 11:20:32 CET: COVERS content: https://i.scdn.co/image/ab67616d0000b273bd4083e7172dda22de75ed29
https://i.scdn.co/image/ab67616d00001e02bd4083e7172dda22de75ed29
https://i.scdn.co/image/ab67616d00004851bd4083e7172dda22de75ed29
Ven  3 jan 2025 11:20:32 CET: track_changed event - Cover URL: https://i.scdn.co/image/ab67616d0000b273bd4083e7172dda22de75ed29
Ven  3 jan 2025 11:20:32 CET: Script finished processing event: track_changed
Ven  3 jan 2025 11:20:32 CET: Script started with event: playing
Ven  3 jan 2025 11:20:32 CET: TRACK_ID: 1xI5NoBWYxEzLMFi7jKvAo
Ven  3 jan 2025 11:20:32 CET: NAME: 
Ven  3 jan 2025 11:20:32 CET: ARTISTS: 
Ven  3 jan 2025 11:20:32 CET: ALBUM: 
Ven  3 jan 2025 11:20:32 CET: COVERS content: 
Ven  3 jan 2025 11:20:32 CET: playing event - Using saved data with cover:  https://i.scdn.co/image/ab67616d0000b273bd4083e7172dda22de75ed29
Ven  3 jan 2025 11:20:32 CET: Script finished processing event: playing
Ven  3 jan 2025 11:20:34 CET: Script started with event: play_request_id_changed
Ven  3 jan 2025 11:20:34 CET: TRACK_ID: 
Ven  3 jan 2025 11:20:34 CET: NAME: 
Ven  3 jan 2025 11:20:34 CET: ARTISTS: 
Ven  3 jan 2025 11:20:34 CET: ALBUM: 
Ven  3 jan 2025 11:20:34 CET: COVERS content: 
Ven  3 jan 2025 11:20:34 CET: Script finished processing event: play_request_id_changed
Ven  3 jan 2025 11:20:34 CET: Script started with event: loading
Ven  3 jan 2025 11:20:34 CET: TRACK_ID: 63T5y9sc1zYCC4QymsHc7y
Ven  3 jan 2025 11:20:34 CET: NAME: 
Ven  3 jan 2025 11:20:34 CET: ARTISTS: 
Ven  3 jan 2025 11:20:34 CET: ALBUM: 
Ven  3 jan 2025 11:20:34 CET: COVERS content: 
Ven  3 jan 2025 11:20:34 CET: Script finished processing event: loading
Ven  3 jan 2025 11:20:35 CET: Script started with event: track_changed
Ven  3 jan 2025 11:20:35 CET: TRACK_ID: 63T5y9sc1zYCC4QymsHc7y
Ven  3 jan 2025 11:20:35 CET: NAME: Future Engineering
Ven  3 jan 2025 11:20:35 CET: ARTISTS: Robohands
Ven  3 jan 2025 11:20:35 CET: ALBUM: Violet
Ven  3 jan 2025 11:20:35 CET: COVERS content: https://i.scdn.co/image/ab67616d0000b273357e054541a705cd1cc0c491
https://i.scdn.co/image/ab67616d00001e02357e054541a705cd1cc0c491
https://i.scdn.co/image/ab67616d00004851357e054541a705cd1cc0c491
Ven  3 jan 2025 11:20:35 CET: track_changed event - Cover URL: https://i.scdn.co/image/ab67616d0000b273357e054541a705cd1cc0c491
Ven  3 jan 2025 11:20:35 CET: Script finished processing event: track_changed
Ven  3 jan 2025 11:20:35 CET: Script started with event: playing
Ven  3 jan 2025 11:20:35 CET: TRACK_ID: 63T5y9sc1zYCC4QymsHc7y
Ven  3 jan 2025 11:20:35 CET: NAME: 
Ven  3 jan 2025 11:20:35 CET: ARTISTS: 
Ven  3 jan 2025 11:20:35 CET: ALBUM: 
Ven  3 jan 2025 11:20:35 CET: COVERS content: 
Ven  3 jan 2025 11:20:35 CET: playing event - Using saved data with cover:  https://i.scdn.co/image/ab67616d0000b273357e054541a705cd1cc0c491
Ven  3 jan 2025 11:20:35 CET: Script finished processing event: playing
Ven  3 jan 2025 11:20:38 CET: Script started with event: play_request_id_changed
Ven  3 jan 2025 11:20:38 CET: TRACK_ID: 
Ven  3 jan 2025 11:20:38 CET: NAME: 
Ven  3 jan 2025 11:20:38 CET: ARTISTS: 
Ven  3 jan 2025 11:20:38 CET: ALBUM: 
Ven  3 jan 2025 11:20:38 CET: COVERS content: 
Ven  3 jan 2025 11:20:38 CET: Script finished processing event: play_request_id_changed
Ven  3 jan 2025 11:20:38 CET: Script started with event: loading
Ven  3 jan 2025 11:20:38 CET: TRACK_ID: 363mTP8zzRAr36wlbcdHRP
Ven  3 jan 2025 11:20:38 CET: NAME: 
Ven  3 jan 2025 11:20:38 CET: ARTISTS: 
Ven  3 jan 2025 11:20:38 CET: ALBUM: 
Ven  3 jan 2025 11:20:38 CET: COVERS content: 
Ven  3 jan 2025 11:20:38 CET: Script finished processing event: loading
Ven  3 jan 2025 11:20:38 CET: Script started with event: track_changed
Ven  3 jan 2025 11:20:38 CET: TRACK_ID: 363mTP8zzRAr36wlbcdHRP
Ven  3 jan 2025 11:20:38 CET: NAME: unother
Ven  3 jan 2025 11:20:38 CET: ARTISTS: Terekke
Ven  3 jan 2025 11:20:38 CET: ALBUM: Improvisational Loops
Ven  3 jan 2025 11:20:38 CET: COVERS content: https://i.scdn.co/image/ab67616d0000b273828bce7eb680bb414ae682a5
https://i.scdn.co/image/ab67616d00001e02828bce7eb680bb414ae682a5
https://i.scdn.co/image/ab67616d00004851828bce7eb680bb414ae682a5
Ven  3 jan 2025 11:20:38 CET: track_changed event - Cover URL: https://i.scdn.co/image/ab67616d0000b273828bce7eb680bb414ae682a5
Ven  3 jan 2025 11:20:38 CET: Script finished processing event: track_changed
Ven  3 jan 2025 11:20:38 CET: Script started with event: playing
Ven  3 jan 2025 11:20:38 CET: TRACK_ID: 363mTP8zzRAr36wlbcdHRP
Ven  3 jan 2025 11:20:38 CET: NAME: 
Ven  3 jan 2025 11:20:38 CET: ARTISTS: 
Ven  3 jan 2025 11:20:38 CET: ALBUM: 
Ven  3 jan 2025 11:20:38 CET: COVERS content: 
Ven  3 jan 2025 11:20:38 CET: playing event - Using saved data with cover:  https://i.scdn.co/image/ab67616d0000b273828bce7eb680bb414ae682a5
Ven  3 jan 2025 11:20:38 CET: Script finished processing event: playing
Ven  3 jan 2025 11:20:40 CET: Script started with event: play_request_id_changed
Ven  3 jan 2025 11:20:40 CET: TRACK_ID: 
Ven  3 jan 2025 11:20:40 CET: NAME: 
Ven  3 jan 2025 11:20:40 CET: ARTISTS: 
Ven  3 jan 2025 11:20:40 CET: ALBUM: 
Ven  3 jan 2025 11:20:40 CET: COVERS content: 
Ven  3 jan 2025 11:20:40 CET: Script finished processing event: play_request_id_changed
Ven  3 jan 2025 11:20:40 CET: Script started with event: loading
Ven  3 jan 2025 11:20:40 CET: TRACK_ID: 5jul98QsW6XJkpEEYp50iz
Ven  3 jan 2025 11:20:40 CET: NAME: 
Ven  3 jan 2025 11:20:40 CET: ARTISTS: 
Ven  3 jan 2025 11:20:40 CET: ALBUM: 
Ven  3 jan 2025 11:20:40 CET: COVERS content: 
Ven  3 jan 2025 11:20:40 CET: Script finished processing event: loading
Ven  3 jan 2025 11:20:41 CET: Script started with event: track_changed
Ven  3 jan 2025 11:20:41 CET: TRACK_ID: 5jul98QsW6XJkpEEYp50iz
Ven  3 jan 2025 11:20:41 CET: NAME: Sonhos Cor de Rosa
Ven  3 jan 2025 11:20:41 CET: ARTISTS: Tiawa
Ven  3 jan 2025 11:20:41 CET: ALBUM: Moonlit Train
Ven  3 jan 2025 11:20:41 CET: COVERS content: https://i.scdn.co/image/ab67616d0000b273c7ee0c01b4051e3cc6fe186b
https://i.scdn.co/image/ab67616d00001e02c7ee0c01b4051e3cc6fe186b
https://i.scdn.co/image/ab67616d00004851c7ee0c01b4051e3cc6fe186b
Ven  3 jan 2025 11:20:41 CET: track_changed event - Cover URL: https://i.scdn.co/image/ab67616d0000b273c7ee0c01b4051e3cc6fe186b
Ven  3 jan 2025 11:20:41 CET: Script finished processing event: track_changed
Ven  3 jan 2025 11:20:41 CET: Script started with event: playing
Ven  3 jan 2025 11:20:41 CET: TRACK_ID: 5jul98QsW6XJkpEEYp50iz
Ven  3 jan 2025 11:20:41 CET: NAME: 
Ven  3 jan 2025 11:20:41 CET: ARTISTS: 
Ven  3 jan 2025 11:20:41 CET: ALBUM: 
Ven  3 jan 2025 11:20:41 CET: COVERS content: 
Ven  3 jan 2025 11:20:41 CET: playing event - Using saved data with cover:  https://i.scdn.co/image/ab67616d0000b273c7ee0c01b4051e3cc6fe186b
Ven  3 jan 2025 11:20:41 CET: Script finished processing event: playing
Ven  3 jan 2025 11:20:43 CET: Script started with event: play_request_id_changed
Ven  3 jan 2025 11:20:43 CET: TRACK_ID: 
Ven  3 jan 2025 11:20:43 CET: NAME: 
Ven  3 jan 2025 11:20:43 CET: ARTISTS: 
Ven  3 jan 2025 11:20:43 CET: ALBUM: 
Ven  3 jan 2025 11:20:43 CET: COVERS content: 
Ven  3 jan 2025 11:20:43 CET: Script finished processing event: play_request_id_changed
Ven  3 jan 2025 11:20:43 CET: Script started with event: loading
Ven  3 jan 2025 11:20:43 CET: TRACK_ID: 1lbjDy6IIerHFGZWKG0hno
Ven  3 jan 2025 11:20:43 CET: NAME: 
Ven  3 jan 2025 11:20:43 CET: ARTISTS: 
Ven  3 jan 2025 11:20:43 CET: ALBUM: 
Ven  3 jan 2025 11:20:43 CET: COVERS content: 
Ven  3 jan 2025 11:20:43 CET: Script finished processing event: loading
Ven  3 jan 2025 11:20:44 CET: Script started with event: track_changed
Ven  3 jan 2025 11:20:44 CET: TRACK_ID: 1lbjDy6IIerHFGZWKG0hno
Ven  3 jan 2025 11:20:44 CET: NAME: I swear, I Really Wanted To Make A "Rap" Album But This Is Literally The Way The Wind Blew Me This Time
Ven  3 jan 2025 11:20:44 CET: ARTISTS: André 3000
Ven  3 jan 2025 11:20:44 CET: ALBUM: New Blue Sun
Ven  3 jan 2025 11:20:44 CET: COVERS content: https://i.scdn.co/image/ab67616d0000b2732832c76386b5931717eddd3f
https://i.scdn.co/image/ab67616d00001e022832c76386b5931717eddd3f
https://i.scdn.co/image/ab67616d000048512832c76386b5931717eddd3f
Ven  3 jan 2025 11:20:44 CET: track_changed event - Cover URL: https://i.scdn.co/image/ab67616d0000b2732832c76386b5931717eddd3f
Ven  3 jan 2025 11:20:44 CET: Script finished processing event: track_changed
Ven  3 jan 2025 11:20:44 CET: Script started with event: playing
Ven  3 jan 2025 11:20:44 CET: TRACK_ID: 1lbjDy6IIerHFGZWKG0hno
Ven  3 jan 2025 11:20:44 CET: NAME: 
Ven  3 jan 2025 11:20:44 CET: ARTISTS: 
Ven  3 jan 2025 11:20:44 CET: ALBUM: 
Ven  3 jan 2025 11:20:44 CET: COVERS content: 
Ven  3 jan 2025 11:20:44 CET: playing event - Using saved data with cover:  https://i.scdn.co/image/ab67616d0000b2732832c76386b5931717eddd3f
Ven  3 jan 2025 11:20:44 CET: Script finished processing event: playing
Ven  3 jan 2025 11:20:48 CET: Script started with event: seeked
Ven  3 jan 2025 11:20:48 CET: TRACK_ID: 1lbjDy6IIerHFGZWKG0hno
Ven  3 jan 2025 11:20:48 CET: NAME: 
Ven  3 jan 2025 11:20:48 CET: ARTISTS: 
Ven  3 jan 2025 11:20:48 CET: ALBUM: 
Ven  3 jan 2025 11:20:48 CET: COVERS content: 
Ven  3 jan 2025 11:20:48 CET: Script finished processing event: seeked
Ven  3 jan 2025 11:20:50 CET: Script started with event: play_request_id_changed
Ven  3 jan 2025 11:20:50 CET: TRACK_ID: 
Ven  3 jan 2025 11:20:50 CET: NAME: 
Ven  3 jan 2025 11:20:50 CET: ARTISTS: 
Ven  3 jan 2025 11:20:50 CET: ALBUM: 
Ven  3 jan 2025 11:20:50 CET: COVERS content: 
Ven  3 jan 2025 11:20:50 CET: Script finished processing event: play_request_id_changed
Ven  3 jan 2025 11:20:50 CET: Script started with event: loading
Ven  3 jan 2025 11:20:50 CET: TRACK_ID: 5jul98QsW6XJkpEEYp50iz
Ven  3 jan 2025 11:20:50 CET: NAME: 
Ven  3 jan 2025 11:20:50 CET: ARTISTS: 
Ven  3 jan 2025 11:20:50 CET: ALBUM: 
Ven  3 jan 2025 11:20:50 CET: COVERS content: 
Ven  3 jan 2025 11:20:50 CET: Script finished processing event: loading
Ven  3 jan 2025 11:20:51 CET: Script started with event: track_changed
Ven  3 jan 2025 11:20:51 CET: TRACK_ID: 5jul98QsW6XJkpEEYp50iz
Ven  3 jan 2025 11:20:51 CET: NAME: Sonhos Cor de Rosa
Ven  3 jan 2025 11:20:51 CET: ARTISTS: Tiawa
Ven  3 jan 2025 11:20:51 CET: ALBUM: Moonlit Train
Ven  3 jan 2025 11:20:51 CET: COVERS content: https://i.scdn.co/image/ab67616d0000b273c7ee0c01b4051e3cc6fe186b
https://i.scdn.co/image/ab67616d00001e02c7ee0c01b4051e3cc6fe186b
https://i.scdn.co/image/ab67616d00004851c7ee0c01b4051e3cc6fe186b
Ven  3 jan 2025 11:20:51 CET: track_changed event - Cover URL: https://i.scdn.co/image/ab67616d0000b273c7ee0c01b4051e3cc6fe186b
Ven  3 jan 2025 11:20:51 CET: Script finished processing event: track_changed
Ven  3 jan 2025 11:20:51 CET: Script started with event: playing
Ven  3 jan 2025 11:20:51 CET: TRACK_ID: 5jul98QsW6XJkpEEYp50iz
Ven  3 jan 2025 11:20:51 CET: NAME: 
Ven  3 jan 2025 11:20:51 CET: ARTISTS: 
Ven  3 jan 2025 11:20:51 CET: ALBUM: 
Ven  3 jan 2025 11:20:51 CET: COVERS content: 
Ven  3 jan 2025 11:20:51 CET: playing event - Using saved data with cover:  https://i.scdn.co/image/ab67616d0000b273c7ee0c01b4051e3cc6fe186b
Ven  3 jan 2025 11:20:51 CET: Script finished processing event: playing
Ven  3 jan 2025 11:20:59 CET: Script started with event: play_request_id_changed
Ven  3 jan 2025 11:20:59 CET: TRACK_ID: 
Ven  3 jan 2025 11:20:59 CET: NAME: 
Ven  3 jan 2025 11:20:59 CET: ARTISTS: 
Ven  3 jan 2025 11:20:59 CET: ALBUM: 
Ven  3 jan 2025 11:20:59 CET: COVERS content: 
Ven  3 jan 2025 11:20:59 CET: Script finished processing event: play_request_id_changed
Ven  3 jan 2025 11:20:59 CET: Script started with event: loading
Ven  3 jan 2025 11:20:59 CET: TRACK_ID: 1lbjDy6IIerHFGZWKG0hno
Ven  3 jan 2025 11:20:59 CET: NAME: 
Ven  3 jan 2025 11:20:59 CET: ARTISTS: 
Ven  3 jan 2025 11:20:59 CET: ALBUM: 
Ven  3 jan 2025 11:20:59 CET: COVERS content: 
Ven  3 jan 2025 11:20:59 CET: Script finished processing event: loading
Ven  3 jan 2025 11:21:00 CET: Script started with event: track_changed
Ven  3 jan 2025 11:21:00 CET: TRACK_ID: 1lbjDy6IIerHFGZWKG0hno
Ven  3 jan 2025 11:21:00 CET: NAME: I swear, I Really Wanted To Make A "Rap" Album But This Is Literally The Way The Wind Blew Me This Time
Ven  3 jan 2025 11:21:00 CET: ARTISTS: André 3000
Ven  3 jan 2025 11:21:00 CET: ALBUM: New Blue Sun
Ven  3 jan 2025 11:21:00 CET: COVERS content: https://i.scdn.co/image/ab67616d0000b2732832c76386b5931717eddd3f
https://i.scdn.co/image/ab67616d00001e022832c76386b5931717eddd3f
https://i.scdn.co/image/ab67616d000048512832c76386b5931717eddd3f
Ven  3 jan 2025 11:21:00 CET: track_changed event - Cover URL: https://i.scdn.co/image/ab67616d0000b2732832c76386b5931717eddd3f
Ven  3 jan 2025 11:21:00 CET: Script finished processing event: track_changed
Ven  3 jan 2025 11:21:00 CET: Script started with event: playing
Ven  3 jan 2025 11:21:00 CET: TRACK_ID: 1lbjDy6IIerHFGZWKG0hno
Ven  3 jan 2025 11:21:00 CET: NAME: 
Ven  3 jan 2025 11:21:00 CET: ARTISTS: 
Ven  3 jan 2025 11:21:00 CET: ALBUM: 
Ven  3 jan 2025 11:21:00 CET: COVERS content: 
Ven  3 jan 2025 11:21:00 CET: playing event - Using saved data with cover:  https://i.scdn.co/image/ab67616d0000b2732832c76386b5931717eddd3f
Ven  3 jan 2025 11:21:00 CET: Script finished processing event: playing
Ven  3 jan 2025 11:21:15 CET: Script started with event: play_request_id_changed
Ven  3 jan 2025 11:21:15 CET: TRACK_ID: 
Ven  3 jan 2025 11:21:15 CET: NAME: 
Ven  3 jan 2025 11:21:15 CET: ARTISTS: 
Ven  3 jan 2025 11:21:15 CET: ALBUM: 
Ven  3 jan 2025 11:21:15 CET: COVERS content: 
Ven  3 jan 2025 11:21:15 CET: Script finished processing event: play_request_id_changed
Ven  3 jan 2025 11:21:15 CET: Script started with event: loading
Ven  3 jan 2025 11:21:15 CET: TRACK_ID: 1AjbyQGYdLAiQcX8XVHBhF
Ven  3 jan 2025 11:21:15 CET: NAME: 
Ven  3 jan 2025 11:21:15 CET: ARTISTS: 
Ven  3 jan 2025 11:21:15 CET: ALBUM: 
Ven  3 jan 2025 11:21:15 CET: COVERS content: 
Ven  3 jan 2025 11:21:15 CET: Script finished processing event: loading
Ven  3 jan 2025 11:21:16 CET: Script started with event: track_changed
Ven  3 jan 2025 11:21:16 CET: TRACK_ID: 1AjbyQGYdLAiQcX8XVHBhF
Ven  3 jan 2025 11:21:16 CET: NAME: Beau
Ven  3 jan 2025 11:21:16 CET: ARTISTS: Primero
Ven  3 jan 2025 11:21:16 CET: ALBUM: Plaine des Asphodèles
Ven  3 jan 2025 11:21:16 CET: COVERS content: https://i.scdn.co/image/ab67616d0000b2734701290a6dc5f24aaea44ae3
https://i.scdn.co/image/ab67616d00001e024701290a6dc5f24aaea44ae3
https://i.scdn.co/image/ab67616d000048514701290a6dc5f24aaea44ae3
Ven  3 jan 2025 11:21:16 CET: track_changed event - Cover URL: https://i.scdn.co/image/ab67616d0000b2734701290a6dc5f24aaea44ae3
Ven  3 jan 2025 11:21:16 CET: Script finished processing event: track_changed
Ven  3 jan 2025 11:21:16 CET: Script started with event: playing
Ven  3 jan 2025 11:21:16 CET: TRACK_ID: 1AjbyQGYdLAiQcX8XVHBhF
Ven  3 jan 2025 11:21:16 CET: NAME: 
Ven  3 jan 2025 11:21:16 CET: ARTISTS: 
Ven  3 jan 2025 11:21:16 CET: ALBUM: 
Ven  3 jan 2025 11:21:16 CET: COVERS content: 
Ven  3 jan 2025 11:21:16 CET: playing event - Using saved data with cover:  https://i.scdn.co/image/ab67616d0000b2734701290a6dc5f24aaea44ae3
Ven  3 jan 2025 11:21:16 CET: Script finished processing event: playing
Ven  3 jan 2025 11:21:20 CET: Script started with event: play_request_id_changed
Ven  3 jan 2025 11:21:20 CET: TRACK_ID: 
Ven  3 jan 2025 11:21:20 CET: NAME: 
Ven  3 jan 2025 11:21:20 CET: ARTISTS: 
Ven  3 jan 2025 11:21:20 CET: ALBUM: 
Ven  3 jan 2025 11:21:20 CET: COVERS content: 
Ven  3 jan 2025 11:21:20 CET: Script finished processing event: play_request_id_changed
Ven  3 jan 2025 11:21:20 CET: Script started with event: loading
Ven  3 jan 2025 11:21:20 CET: TRACK_ID: 2c3MBL8fpnhzBGHFJWQ8yU
Ven  3 jan 2025 11:21:20 CET: NAME: 
Ven  3 jan 2025 11:21:20 CET: ARTISTS: 
Ven  3 jan 2025 11:21:20 CET: ALBUM: 
Ven  3 jan 2025 11:21:20 CET: COVERS content: 
Ven  3 jan 2025 11:21:20 CET: Script finished processing event: loading
Ven  3 jan 2025 11:21:20 CET: Script started with event: track_changed
Ven  3 jan 2025 11:21:20 CET: TRACK_ID: 2c3MBL8fpnhzBGHFJWQ8yU
Ven  3 jan 2025 11:21:20 CET: NAME: Diana (with Hamza)
Ven  3 jan 2025 11:21:20 CET: ARTISTS: DJ Snake
Hamza
Ven  3 jan 2025 11:21:20 CET: ALBUM: Diana (with Hamza)
Ven  3 jan 2025 11:21:20 CET: COVERS content: https://i.scdn.co/image/ab67616d0000b2738fd2b363125a3e79b4bcdd0a
https://i.scdn.co/image/ab67616d00001e028fd2b363125a3e79b4bcdd0a
https://i.scdn.co/image/ab67616d000048518fd2b363125a3e79b4bcdd0a
Ven  3 jan 2025 11:21:20 CET: track_changed event - Cover URL: https://i.scdn.co/image/ab67616d0000b2738fd2b363125a3e79b4bcdd0a
Ven  3 jan 2025 11:21:20 CET: Script finished processing event: track_changed
Ven  3 jan 2025 11:21:20 CET: Script started with event: playing
Ven  3 jan 2025 11:21:20 CET: TRACK_ID: 2c3MBL8fpnhzBGHFJWQ8yU
Ven  3 jan 2025 11:21:20 CET: NAME: 
Ven  3 jan 2025 11:21:20 CET: ARTISTS: 
Ven  3 jan 2025 11:21:20 CET: ALBUM: 
Ven  3 jan 2025 11:21:20 CET: COVERS content: 
Ven  3 jan 2025 11:21:20 CET: playing event - Using saved data with cover: 
Ven  3 jan 2025 11:21:20 CET: Script finished processing event: playing
Ven  3 jan 2025 11:21:24 CET: Script started with event: play_request_id_changed
Ven  3 jan 2025 11:21:24 CET: TRACK_ID: 
Ven  3 jan 2025 11:21:24 CET: NAME: 
Ven  3 jan 2025 11:21:24 CET: ARTISTS: 
Ven  3 jan 2025 11:21:24 CET: ALBUM: 
Ven  3 jan 2025 11:21:24 CET: COVERS content: 
Ven  3 jan 2025 11:21:24 CET: Script finished processing event: play_request_id_changed
Ven  3 jan 2025 11:21:24 CET: Script started with event: loading
Ven  3 jan 2025 11:21:24 CET: TRACK_ID: 1cFck5rGxOSJaLZyvj6UKJ
Ven  3 jan 2025 11:21:24 CET: NAME: 
Ven  3 jan 2025 11:21:24 CET: ARTISTS: 
Ven  3 jan 2025 11:21:24 CET: ALBUM: 
Ven  3 jan 2025 11:21:24 CET: COVERS content: 
Ven  3 jan 2025 11:21:24 CET: Script finished processing event: loading
Ven  3 jan 2025 11:21:25 CET: Script started with event: track_changed
Ven  3 jan 2025 11:21:25 CET: TRACK_ID: 1cFck5rGxOSJaLZyvj6UKJ
Ven  3 jan 2025 11:21:25 CET: NAME: Ntima
Ven  3 jan 2025 11:21:25 CET: ARTISTS: Les Mamans du Congo
RROBIN
Ven  3 jan 2025 11:21:25 CET: ALBUM: Ya Mizolé
Ven  3 jan 2025 11:21:25 CET: COVERS content: https://i.scdn.co/image/ab67616d0000b2734b63d61f919c0bccd8f29d9a
https://i.scdn.co/image/ab67616d00001e024b63d61f919c0bccd8f29d9a
https://i.scdn.co/image/ab67616d000048514b63d61f919c0bccd8f29d9a
Ven  3 jan 2025 11:21:25 CET: track_changed event - Cover URL: https://i.scdn.co/image/ab67616d0000b2734b63d61f919c0bccd8f29d9a
Ven  3 jan 2025 11:21:25 CET: Script finished processing event: track_changed
Ven  3 jan 2025 11:21:25 CET: Script started with event: playing
Ven  3 jan 2025 11:21:25 CET: TRACK_ID: 1cFck5rGxOSJaLZyvj6UKJ
Ven  3 jan 2025 11:21:25 CET: NAME: 
Ven  3 jan 2025 11:21:25 CET: ARTISTS: 
Ven  3 jan 2025 11:21:25 CET: ALBUM: 
Ven  3 jan 2025 11:21:25 CET: COVERS content: 
Ven  3 jan 2025 11:21:25 CET: playing event - Using saved data with cover: 
Ven  3 jan 2025 11:21:25 CET: Script finished processing event: playing
Ven  3 jan 2025 11:21:38 CET: Script started with event: play_request_id_changed
Ven  3 jan 2025 11:21:38 CET: TRACK_ID: 
Ven  3 jan 2025 11:21:38 CET: NAME: 
Ven  3 jan 2025 11:21:38 CET: ARTISTS: 
Ven  3 jan 2025 11:21:38 CET: ALBUM: 
Ven  3 jan 2025 11:21:38 CET: COVERS content: 
Ven  3 jan 2025 11:21:38 CET: Script finished processing event: play_request_id_changed
Ven  3 jan 2025 11:21:38 CET: Script started with event: loading
Ven  3 jan 2025 11:21:38 CET: TRACK_ID: 6ygaR0OCPjB2YdBbbNKvss
Ven  3 jan 2025 11:21:38 CET: NAME: 
Ven  3 jan 2025 11:21:38 CET: ARTISTS: 
Ven  3 jan 2025 11:21:38 CET: ALBUM: 
Ven  3 jan 2025 11:21:38 CET: COVERS content: 
Ven  3 jan 2025 11:21:38 CET: Script finished processing event: loading
Ven  3 jan 2025 11:21:39 CET: Script started with event: track_changed
Ven  3 jan 2025 11:21:39 CET: TRACK_ID: 6ygaR0OCPjB2YdBbbNKvss
Ven  3 jan 2025 11:21:39 CET: NAME: Wana
Ven  3 jan 2025 11:21:39 CET: ARTISTS: nour
Ven  3 jan 2025 11:21:39 CET: ALBUM: Wana
Ven  3 jan 2025 11:21:39 CET: COVERS content: https://i.scdn.co/image/ab67616d0000b273b8cc0fa8559af931969076ca
https://i.scdn.co/image/ab67616d00001e02b8cc0fa8559af931969076ca
https://i.scdn.co/image/ab67616d00004851b8cc0fa8559af931969076ca
Ven  3 jan 2025 11:21:39 CET: track_changed event - Cover URL: https://i.scdn.co/image/ab67616d0000b273b8cc0fa8559af931969076ca
Ven  3 jan 2025 11:21:39 CET: Script finished processing event: track_changed
Ven  3 jan 2025 11:21:39 CET: Script started with event: playing
Ven  3 jan 2025 11:21:39 CET: TRACK_ID: 6ygaR0OCPjB2YdBbbNKvss
Ven  3 jan 2025 11:21:39 CET: NAME: 
Ven  3 jan 2025 11:21:39 CET: ARTISTS: 
Ven  3 jan 2025 11:21:39 CET: ALBUM: 
Ven  3 jan 2025 11:21:39 CET: COVERS content: 
Ven  3 jan 2025 11:21:39 CET: playing event - Using saved data with cover:  https://i.scdn.co/image/ab67616d0000b273b8cc0fa8559af931969076ca
Ven  3 jan 2025 11:21:39 CET: Script finished processing event: playing
Ven  3 jan 2025 11:21:45 CET: Script started with event: play_request_id_changed
Ven  3 jan 2025 11:21:45 CET: TRACK_ID: 
Ven  3 jan 2025 11:21:45 CET: NAME: 
Ven  3 jan 2025 11:21:45 CET: ARTISTS: 
Ven  3 jan 2025 11:21:45 CET: ALBUM: 
Ven  3 jan 2025 11:21:45 CET: COVERS content: 
Ven  3 jan 2025 11:21:45 CET: Script finished processing event: play_request_id_changed
Ven  3 jan 2025 11:21:45 CET: Script started with event: loading
Ven  3 jan 2025 11:21:45 CET: TRACK_ID: 422PILIziVLZxNxUbqZI7m
Ven  3 jan 2025 11:21:45 CET: NAME: 
Ven  3 jan 2025 11:21:45 CET: ARTISTS: 
Ven  3 jan 2025 11:21:45 CET: ALBUM: 
Ven  3 jan 2025 11:21:45 CET: COVERS content: 
Ven  3 jan 2025 11:21:45 CET: Script finished processing event: loading
Ven  3 jan 2025 11:21:46 CET: Script started with event: track_changed
Ven  3 jan 2025 11:21:46 CET: TRACK_ID: 422PILIziVLZxNxUbqZI7m
Ven  3 jan 2025 11:21:46 CET: NAME: NOGOUM
Ven  3 jan 2025 11:21:46 CET: ARTISTS: nour
Ven  3 jan 2025 11:21:46 CET: ALBUM: NOGOUM
Ven  3 jan 2025 11:21:46 CET: COVERS content: https://i.scdn.co/image/ab67616d0000b273c361919c96ef8271e868ac5a
https://i.scdn.co/image/ab67616d00001e02c361919c96ef8271e868ac5a
https://i.scdn.co/image/ab67616d00004851c361919c96ef8271e868ac5a
Ven  3 jan 2025 11:21:46 CET: track_changed event - Cover URL: https://i.scdn.co/image/ab67616d0000b273c361919c96ef8271e868ac5a
Ven  3 jan 2025 11:21:46 CET: Script finished processing event: track_changed
Ven  3 jan 2025 11:21:46 CET: Script started with event: playing
Ven  3 jan 2025 11:21:46 CET: TRACK_ID: 422PILIziVLZxNxUbqZI7m
Ven  3 jan 2025 11:21:46 CET: NAME: 
Ven  3 jan 2025 11:21:46 CET: ARTISTS: 
Ven  3 jan 2025 11:21:46 CET: ALBUM: 
Ven  3 jan 2025 11:21:46 CET: COVERS content: 
Ven  3 jan 2025 11:21:46 CET: playing event - Using saved data with cover:  https://i.scdn.co/image/ab67616d0000b273c361919c96ef8271e868ac5a
Ven  3 jan 2025 11:21:46 CET: Script finished processing event: playing
Ven  3 jan 2025 11:21:51 CET: Script started with event: play_request_id_changed
Ven  3 jan 2025 11:21:51 CET: TRACK_ID: 
Ven  3 jan 2025 11:21:51 CET: NAME: 
Ven  3 jan 2025 11:21:51 CET: ARTISTS: 
Ven  3 jan 2025 11:21:51 CET: ALBUM: 
Ven  3 jan 2025 11:21:51 CET: COVERS content: 
Ven  3 jan 2025 11:21:51 CET: Script finished processing event: play_request_id_changed
Ven  3 jan 2025 11:21:51 CET: Script started with event: loading
Ven  3 jan 2025 11:21:51 CET: TRACK_ID: 16ZBzj2NNWv6yQmDkjQI3b
Ven  3 jan 2025 11:21:51 CET: NAME: 
Ven  3 jan 2025 11:21:51 CET: ARTISTS: 
Ven  3 jan 2025 11:21:51 CET: ALBUM: 
Ven  3 jan 2025 11:21:51 CET: COVERS content: 
Ven  3 jan 2025 11:21:51 CET: Script finished processing event: loading
Ven  3 jan 2025 11:21:52 CET: Script started with event: track_changed
Ven  3 jan 2025 11:21:52 CET: TRACK_ID: 16ZBzj2NNWv6yQmDkjQI3b
Ven  3 jan 2025 11:21:52 CET: NAME: Van noir
Ven  3 jan 2025 11:21:52 CET: ARTISTS: Kalash
Hamza
Ven  3 jan 2025 11:21:52 CET: ALBUM: Tombolo
Ven  3 jan 2025 11:21:52 CET: COVERS content: https://i.scdn.co/image/ab67616d0000b273662a0200b8a1da583f535869
https://i.scdn.co/image/ab67616d00001e02662a0200b8a1da583f535869
https://i.scdn.co/image/ab67616d00004851662a0200b8a1da583f535869
Ven  3 jan 2025 11:21:52 CET: track_changed event - Cover URL: https://i.scdn.co/image/ab67616d0000b273662a0200b8a1da583f535869
Ven  3 jan 2025 11:21:52 CET: Script finished processing event: track_changed
Ven  3 jan 2025 11:21:52 CET: Script started with event: playing
Ven  3 jan 2025 11:21:52 CET: TRACK_ID: 16ZBzj2NNWv6yQmDkjQI3b
Ven  3 jan 2025 11:21:52 CET: NAME: 
Ven  3 jan 2025 11:21:52 CET: ARTISTS: 
Ven  3 jan 2025 11:21:52 CET: ALBUM: 
Ven  3 jan 2025 11:21:52 CET: COVERS content: 
Ven  3 jan 2025 11:21:52 CET: playing event - Using saved data with cover: 
Ven  3 jan 2025 11:21:52 CET: Script finished processing event: playing
Ven  3 jan 2025 11:21:54 CET: Script started with event: play_request_id_changed
Ven  3 jan 2025 11:21:54 CET: TRACK_ID: 
Ven  3 jan 2025 11:21:54 CET: NAME: 
Ven  3 jan 2025 11:21:54 CET: ARTISTS: 
Ven  3 jan 2025 11:21:54 CET: ALBUM: 
Ven  3 jan 2025 11:21:54 CET: COVERS content: 
Ven  3 jan 2025 11:21:54 CET: Script finished processing event: play_request_id_changed
Ven  3 jan 2025 11:21:54 CET: Script started with event: loading
Ven  3 jan 2025 11:21:54 CET: TRACK_ID: 0iiIY42oQPBN7vNKV6LzDi
Ven  3 jan 2025 11:21:54 CET: NAME: 
Ven  3 jan 2025 11:21:54 CET: ARTISTS: 
Ven  3 jan 2025 11:21:54 CET: ALBUM: 
Ven  3 jan 2025 11:21:54 CET: COVERS content: 
Ven  3 jan 2025 11:21:54 CET: Script finished processing event: loading
Ven  3 jan 2025 11:21:54 CET: Script started with event: track_changed
Ven  3 jan 2025 11:21:54 CET: TRACK_ID: 0iiIY42oQPBN7vNKV6LzDi
Ven  3 jan 2025 11:21:54 CET: NAME: PAIN
Ven  3 jan 2025 11:21:54 CET: ARTISTS: Ajna
Ven  3 jan 2025 11:21:54 CET: ALBUM: LE HOMA
Ven  3 jan 2025 11:21:54 CET: COVERS content: https://i.scdn.co/image/ab67616d0000b273f6627776bd8ee8d7805202db
https://i.scdn.co/image/ab67616d00001e02f6627776bd8ee8d7805202db
https://i.scdn.co/image/ab67616d00004851f6627776bd8ee8d7805202db
Ven  3 jan 2025 11:21:54 CET: track_changed event - Cover URL: https://i.scdn.co/image/ab67616d0000b273f6627776bd8ee8d7805202db
Ven  3 jan 2025 11:21:54 CET: Script finished processing event: track_changed
Ven  3 jan 2025 11:21:54 CET: Script started with event: playing
Ven  3 jan 2025 11:21:54 CET: TRACK_ID: 0iiIY42oQPBN7vNKV6LzDi
Ven  3 jan 2025 11:21:54 CET: NAME: 
Ven  3 jan 2025 11:21:54 CET: ARTISTS: 
Ven  3 jan 2025 11:21:54 CET: ALBUM: 
Ven  3 jan 2025 11:21:54 CET: COVERS content: 
Ven  3 jan 2025 11:21:54 CET: playing event - Using saved data with cover:  https://i.scdn.co/image/ab67616d0000b273f6627776bd8ee8d7805202db
Ven  3 jan 2025 11:21:54 CET: Script finished processing event: playing
Ven  3 jan 2025 11:22:30 CET: Script started with event: volume_changed
Ven  3 jan 2025 11:22:30 CET: TRACK_ID: 
Ven  3 jan 2025 11:22:30 CET: NAME: 
Ven  3 jan 2025 11:22:30 CET: ARTISTS: 
Ven  3 jan 2025 11:22:30 CET: ALBUM: 
Ven  3 jan 2025 11:22:30 CET: COVERS content: 
Ven  3 jan 2025 11:22:30 CET: Script finished processing event: volume_changed
Ven  3 jan 2025 11:22:31 CET: Script started with event: volume_changed
Ven  3 jan 2025 11:22:31 CET: TRACK_ID: 
Ven  3 jan 2025 11:22:31 CET: NAME: 
Ven  3 jan 2025 11:22:31 CET: ARTISTS: 
Ven  3 jan 2025 11:22:31 CET: ALBUM: 
Ven  3 jan 2025 11:22:31 CET: COVERS content: 
Ven  3 jan 2025 11:22:31 CET: Script finished processing event: volume_changed
Ven  3 jan 2025 11:22:31 CET: Script started with event: volume_changed
Ven  3 jan 2025 11:22:31 CET: TRACK_ID: 
Ven  3 jan 2025 11:22:31 CET: NAME: 
Ven  3 jan 2025 11:22:31 CET: ARTISTS: 
Ven  3 jan 2025 11:22:31 CET: ALBUM: 
Ven  3 jan 2025 11:22:31 CET: COVERS content: 
Ven  3 jan 2025 11:22:31 CET: Script finished processing event: volume_changed
Ven  3 jan 2025 11:22:37 CET: Script started with event: paused
Ven  3 jan 2025 11:22:37 CET: TRACK_ID: 0iiIY42oQPBN7vNKV6LzDi
Ven  3 jan 2025 11:22:37 CET: NAME: 
Ven  3 jan 2025 11:22:37 CET: ARTISTS: 
Ven  3 jan 2025 11:22:37 CET: ALBUM: 
Ven  3 jan 2025 11:22:37 CET: COVERS content: 
Ven  3 jan 2025 11:22:37 CET: paused event - Using saved data with cover:  https://i.scdn.co/image/ab67616d0000b273f6627776bd8ee8d7805202db
Ven  3 jan 2025 11:22:37 CET: Script finished processing event: paused
Ven  3 jan 2025 11:26:02 CET: Script started with event: stopped
Ven  3 jan 2025 11:26:02 CET: TRACK_ID: 0iiIY42oQPBN7vNKV6LzDi
Ven  3 jan 2025 11:26:02 CET: NAME: 
Ven  3 jan 2025 11:26:02 CET: ARTISTS: 
Ven  3 jan 2025 11:26:02 CET: ALBUM: 
Ven  3 jan 2025 11:26:02 CET: COVERS content: 
Ven  3 jan 2025 11:26:02 CET: Script finished processing event: stopped
Ven  3 jan 2025 11:26:02 CET: Script started with event: session_disconnected
Ven  3 jan 2025 11:26:02 CET: TRACK_ID: 
Ven  3 jan 2025 11:26:02 CET: NAME: 
Ven  3 jan 2025 11:26:02 CET: ARTISTS: 
Ven  3 jan 2025 11:26:02 CET: ALBUM: 
Ven  3 jan 2025 11:26:02 CET: COVERS content: 
Ven  3 jan 2025 11:26:02 CET: Script finished processing event: session_disconnected
